<?xml version="1.0" encoding="utf-8"?><testsuites name="pytest tests"><testsuite name="pytest" errors="0" failures="0" skipped="0" tests="15" time="13.580" timestamp="2026-09-25T03:03:40.962733+00:00" hostname="agent-env-04dcd642-5489-4e9c-9ad1-14f38788ddcd"><testcase classname="tests.backend_test.TestPublic" name="test_get_clients_returns_seeded_galleries" time="0.514" /><testcase classname="tests.backend_test.TestAdminAuth" name="test_admin_endpoints_require_session" time="0.524" /><testcase classname="tests.backend_test.TestPublic" name="test_get_client_detail_returns_photos" time="0.678" /><testcase classname="tests.backend_test.TestAdminAuth" name="test_admin_settings_put_requires_session" time="0.326" /><testcase classname="tests.backend_test.TestAdminAuth" name="test_login_wrong_pin" time="0.259" /><testcase classname="tests.backend_test.TestAdminAuth" name="test_login_correct_pin_sets_cookie_and_me" time="0.359" /><testcase classname="tests.backend_test.TestPublic" name="test_get_client_detail_404_unknown" time="0.356" /><testcase classname="tests.backend_test.TestAdminAuth" name="test_logout_clears_session" time="0.443" /><testcase classname="tests.backend_test.TestPublic" name="test_get_settings_public" time="0.319" /><testcase classname="tests.backend_test.TestUploads" name="test_upload_requires_admin" time="0.283" /><testcase classname="tests.backend_test.TestAdminClientCRUD" name="test_admin_list_clients" time="0.576" /><testcase classname="tests.backend_test.TestUploads" name="test_upload_and_fetch" time="3.021" /><testcase classname="tests.backend_test.TestAdminClientCRUD" name="test_create_update_delete_client" time="5.164" /><testcase classname="tests.backend_test.TestSettingsAdmin" name="test_get_put_reset_settings" time="2.912" /><testcase classname="tests.backend_test.TestAdminClientCRUD" name="test_create_client_bad_drive_link_returns_400" time="2.036" /></testsuite></testsuites>