<?xml version="1.0" encoding="utf-8"?><testsuites name="pytest tests"><testsuite name="pytest" errors="0" failures="5" skipped="0" tests="30" time="5.072" timestamp="2026-09-25T04:10:37.571750+00:00" hostname="agent-env-04dcd642-5489-4e9c-9ad1-14f38788ddcd"><testcase classname="tests.test_reorder_and_listing.TestAdminReorder" name="test_reorder_requires_admin" time="0.226" /><testcase classname="tests.backend_test.TestAdminAuth" name="test_admin_endpoints_require_session" time="0.223" /><testcase classname="tests.backend_test.TestAdminAuth" name="test_admin_settings_put_requires_session" time="0.169" /><testcase classname="tests.test_reorder_and_listing.TestAdminReorder" name="test_reorder_rejects_foreign_photo_ids" time="0.304" /><testcase classname="tests.backend_test.TestAdminAuth" name="test_login_wrong_pin" time="0.199" /><testcase classname="tests.backend_test.TestAdminAuth" name="test_login_correct_pin_sets_cookie_and_me" time="0.227" /><testcase classname="tests.test_reorder_and_listing.TestAdminReorder" name="test_reorder_persists_and_returns_new_order" time="0.709" /><testcase classname="tests.backend_test.TestAdminAuth" name="test_logout_clears_session" time="0.318" /><testcase classname="tests.backend_test.TestPublic" name="test_get_clients_returns_seeded_galleries" time="0.211" /><testcase classname="tests.test_reorder_and_listing.TestAdminReorder" name="test_login_wrong_pin" time="0.176" /><testcase classname="tests.backend_test.TestPublic" name="test_get_client_detail_returns_photos" time="0.352" /><testcase classname="tests.test_reorder_and_listing.TestAdminReorder" name="test_login_correct_pin_sets_cookie" time="0.214" /><testcase classname="tests.backend_test.TestPublic" name="test_get_client_detail_404_unknown" time="0.160" /><testcase classname="tests.backend_test.TestAdminClientCRUD" name="test_admin_list_clients" time="0.223" /><testcase classname="tests.backend_test.TestPublic" name="test_get_settings_public" time="0.206" /><testcase classname="tests.backend_test.TestAdminClientCRUD" name="test_create_update_delete_client" time="0.879" /><testcase classname="tests.test_tscheck_admin_protected" name="test_wrong_pin_rejected" time="0.051" /><testcase classname="tests.test_tscheck_admin_protected" name="test_correct_pin_accepted" time="0.053"><failure message="AssertionError: {&quot;detail&quot;:&quot;PIN salah&quot;}&#10;assert 401 == 200&#10; +  where 401 = &lt;Response [401 Unauthorized]&gt;.status_code">tests/test_tscheck_admin_protected.py:16: in test_correct_pin_accepted
    assert resp.status_code == 200, resp.text
E   AssertionError: {"detail":"PIN salah"}
E   assert 401 == 200
E    +  where 401 = &lt;Response [401 Unauthorized]&gt;.status_code</failure></testcase><testcase classname="tests.test_tscheck_admin_protected" name="test_admin_endpoint_requires_session" time="0.051" /><testcase classname="tests.test_reorder_and_listing.TestClientsListingRegression" name="test_list_clients_returns_all_with_cover_and_count" time="0.166" /><testcase classname="tests.test_reorder_and_listing.TestClientsListingRegression" name="test_photo_counts_match_detail" time="0.369" /><testcase classname="tests.test_tscheck_guest_home_listing" name="test_public_clients_listing_has_required_fields" time="0.101" /><testcase classname="tests.backend_test.TestAdminClientCRUD" name="test_create_client_bad_drive_link_returns_400" time="0.529" /><testcase classname="tests.test_tscheck_guest_home_listing" name="test_public_listing_grows_with_new_client_no_auth_needed_to_view" time="0.095"><failure message="assert 401 == 200&#10; +  where 401 = &lt;Response [401 Unauthorized]&gt;.status_code">tests/test_tscheck_guest_home_listing.py:30: in test_public_listing_grows_with_new_client_no_auth_needed_to_view
    assert r.status_code == 200
E   assert 401 == 200
E    +  where 401 = &lt;Response [401 Unauthorized]&gt;.status_code</failure></testcase><testcase classname="tests.backend_test.TestSettingsAdmin" name="test_get_put_reset_settings" time="0.522" /><testcase classname="tests.backend_test.TestUploads" name="test_upload_requires_admin" time="0.147" /><testcase classname="tests.test_tscheck_admin_crud" name="test_admin_crud_create_edit_delete" time="0.051"><failure message="AssertionError: {&quot;detail&quot;:&quot;PIN salah&quot;}&#10;assert 401 == 200&#10; +  where 401 = &lt;Response [401 Unauthorized]&gt;.status_code">tests/test_tscheck_admin_crud.py:17: in test_admin_crud_create_edit_delete
    c = _admin_client()
        ^^^^^^^^^^^^^^^
tests/test_tscheck_admin_crud.py:12: in _admin_client
    assert r.status_code == 200, r.text
E   AssertionError: {"detail":"PIN salah"}
E   assert 401 == 200
E    +  where 401 = &lt;Response [401 Unauthorized]&gt;.status_code</failure></testcase><testcase classname="tests.backend_test.TestUploads" name="test_upload_and_fetch" time="0.431" /><testcase classname="tests.test_tscheck_drive_recursive_sync" name="test_drive_recursive_listing_full_photo_set" time="0.049"><failure message="AssertionError: {&quot;detail&quot;:&quot;PIN salah&quot;}&#10;assert 401 == 200&#10; +  where 401 = &lt;Response [401 Unauthorized]&gt;.status_code">tests/test_tscheck_drive_recursive_sync.py:21: in test_drive_recursive_listing_full_photo_set
    c = _admin_client()
        ^^^^^^^^^^^^^^^
tests/test_tscheck_drive_recursive_sync.py:16: in _admin_client
    assert r.status_code == 200, r.text
E   AssertionError: {"detail":"PIN salah"}
E   assert 401 == 200
E    +  where 401 = &lt;Response [401 Unauthorized]&gt;.status_code</failure></testcase><testcase classname="tests.test_tscheck_invalid_drive_link" name="test_invalid_drive_link_rejected" time="0.071"><failure message="AssertionError: {&quot;detail&quot;:&quot;PIN salah&quot;}&#10;assert 401 == 200&#10; +  where 401 = &lt;Response [401 Unauthorized]&gt;.status_code">tests/test_tscheck_invalid_drive_link.py:17: in test_invalid_drive_link_rejected
    c = _admin_client()
        ^^^^^^^^^^^^^^^
tests/test_tscheck_invalid_drive_link.py:12: in _admin_client
    assert r.status_code == 200, r.text
E   AssertionError: {"detail":"PIN salah"}
E   assert 401 == 200
E    +  where 401 = &lt;Response [401 Unauthorized]&gt;.status_code</failure></testcase></testsuite></testsuites>