<?xml version="1.0" encoding="utf-8"?><testsuites name="pytest tests"><testsuite name="pytest" errors="0" failures="0" skipped="0" tests="7" time="3.019" timestamp="2026-09-25T04:10:30.208194+00:00" hostname="agent-env-04dcd642-5489-4e9c-9ad1-14f38788ddcd"><testcase classname="tests.test_reorder_and_listing.TestClientsListingRegression" name="test_list_clients_returns_all_with_cover_and_count" time="0.495" /><testcase classname="tests.test_reorder_and_listing.TestAdminReorder" name="test_reorder_requires_admin" time="0.482" /><testcase classname="tests.test_reorder_and_listing.TestClientsListingRegression" name="test_photo_counts_match_detail" time="0.376" /><testcase classname="tests.test_reorder_and_listing.TestAdminReorder" name="test_reorder_rejects_foreign_photo_ids" time="0.343" /><testcase classname="tests.test_reorder_and_listing.TestAdminReorder" name="test_reorder_persists_and_returns_new_order" time="0.780" /><testcase classname="tests.test_reorder_and_listing.TestAdminReorder" name="test_login_wrong_pin" time="0.186" /><testcase classname="tests.test_reorder_and_listing.TestAdminReorder" name="test_login_correct_pin_sets_cookie" time="0.196" /></testsuite></testsuites>